info it worked if it ends with ok
verbose cli [ 'node', '/usr/local/bin/npm', 'test' ]
info using npm@1.0.106
info using node@v0.6.10
verbose /usr/local/bin/node node symlink
verbose config file /Users/johanobrink/.npmrc
verbose config file /usr/local/etc/npmrc
verbose config file /usr/local/lib/node_modules/npm/npmrc
silly testEngine { name: 'RaspberryBoat',
silly testEngine   version: '0.0.1',
silly testEngine   author: { name: 'Johan Öbrink', email: 'johan.obrink@gmail.com' },
silly testEngine   dependencies: 
silly testEngine    { serialport: '*',
silly testEngine      nmea: '*',
silly testEngine      express: '*',
silly testEngine      jade: '*',
silly testEngine      stylus: '*',
silly testEngine      'bootstrap-stylus': '*',
silly testEngine      now: '*',
silly testEngine      assert: '*',
silly testEngine      vows: '*' },
silly testEngine   devDependencies: {},
silly testEngine   engines: { node: '*' },
silly testEngine   description: 'An RC boat with GPS and Web Cam running on Raspberry Pi and node.js',
silly testEngine   repository: 
silly testEngine    { type: 'git',
silly testEngine      url: 'git://github.com/JohanObrink/RaspberryBoat.git' },
silly testEngine   scripts: { test: 'vows --spec test/*.js' },
silly testEngine   _id: 'RaspberryBoat@0.0.1',
silly testEngine   _engineSupported: true,
silly testEngine   _npmVersion: '1.0.106',
silly testEngine   _nodeVersion: 'v0.6.10',
silly testEngine   _defaultsLoaded: true }
verbose caching /Users/johanobrink/src/RaspberryBoat/package.json
verbose loadDefaults RaspberryBoat@0.0.1
verbose run-script [ 'pretest', 'test', 'posttest' ]
info pretest RaspberryBoat@0.0.1
info test RaspberryBoat@0.0.1
verbose unsafe-perm in lifecycle true
silly exec sh "-c" "vows --spec test/*.js"
silly spawning [ 'sh',
silly spawning   [ '-c', 'vows --spec test/*.js' ],
silly spawning   '/Users/johanobrink/src/RaspberryBoat' ]
info RaspberryBoat@0.0.1 Failed to exec test script
ERR! RaspberryBoat@0.0.1 test: `vows --spec test/*.js`
ERR! `sh "-c" "vows --spec test/*.js"` failed with 1
ERR! 
ERR! Failed at the RaspberryBoat@0.0.1 test script.
ERR! This is most likely a problem with the RaspberryBoat package,
ERR! not with npm itself.
ERR! Tell the author that this fails on your system:
ERR!     vows --spec test/*.js
ERR! You can get their info via:
ERR!     npm owner ls RaspberryBoat
ERR! There is likely additional logging output above.
ERR! 
ERR! System Darwin 11.3.0
ERR! command "node" "/usr/local/bin/npm" "test"
ERR! cwd /Users/johanobrink/src/RaspberryBoat
ERR! node -v v0.6.10
ERR! npm -v 1.0.106
ERR! code ELIFECYCLE
verbose exit [ 1, true ]
